<?xml version="1.0" encoding="UTF-8"?>
<testsuite xmlns:xsi="http://www.w3.org/2001/XMLSchema-instance" xsi:noNamespaceSchemaLocation="https://maven.apache.org/surefire/maven-surefire-plugin/xsd/surefire-test-report-3.0.xsd" version="3.0" name="TestSuite" time="24.303" tests="1" errors="0" skipped="0" failures="0">
  <properties>
    <property name="awt.toolkit" value="sun.awt.X11.XToolkit"/>
    <property name="file.encoding.pkg" value="sun.io"/>
    <property name="java.specification.version" value="1.8"/>
    <property name="sun.cpu.isalist" value=""/>
    <property name="sun.jnu.encoding" value="UTF-8"/>
    <property name="java.class.path" value="/home/conlifemongouser/coDashboardV1/target/test-classes:/home/conlifemongouser/coDashboardV1/target/classes:/home/conlifemongouser/.m2/repository/org/seleniumhq/selenium/selenium-java/3.141.59/selenium-java-3.141.59.jar:/home/conlifemongouser/.m2/repository/org/seleniumhq/selenium/selenium-api/3.141.59/selenium-api-3.141.59.jar:/home/conlifemongouser/.m2/repository/org/seleniumhq/selenium/selenium-chrome-driver/3.141.59/selenium-chrome-driver-3.141.59.jar:/home/conlifemongouser/.m2/repository/org/seleniumhq/selenium/selenium-edge-driver/3.141.59/selenium-edge-driver-3.141.59.jar:/home/conlifemongouser/.m2/repository/org/seleniumhq/selenium/selenium-firefox-driver/3.141.59/selenium-firefox-driver-3.141.59.jar:/home/conlifemongouser/.m2/repository/org/seleniumhq/selenium/selenium-ie-driver/3.141.59/selenium-ie-driver-3.141.59.jar:/home/conlifemongouser/.m2/repository/org/seleniumhq/selenium/selenium-opera-driver/3.141.59/selenium-opera-driver-3.141.59.jar:/home/conlifemongouser/.m2/repository/org/seleniumhq/selenium/selenium-remote-driver/3.141.59/selenium-remote-driver-3.141.59.jar:/home/conlifemongouser/.m2/repository/org/seleniumhq/selenium/selenium-safari-driver/3.141.59/selenium-safari-driver-3.141.59.jar:/home/conlifemongouser/.m2/repository/org/seleniumhq/selenium/selenium-support/3.141.59/selenium-support-3.141.59.jar:/home/conlifemongouser/.m2/repository/net/bytebuddy/byte-buddy/1.8.15/byte-buddy-1.8.15.jar:/home/conlifemongouser/.m2/repository/org/apache/commons/commons-exec/1.3/commons-exec-1.3.jar:/home/conlifemongouser/.m2/repository/com/google/guava/guava/25.0-jre/guava-25.0-jre.jar:/home/conlifemongouser/.m2/repository/com/google/code/findbugs/jsr305/1.3.9/jsr305-1.3.9.jar:/home/conlifemongouser/.m2/repository/org/checkerframework/checker-compat-qual/2.0.0/checker-compat-qual-2.0.0.jar:/home/conlifemongouser/.m2/repository/com/google/errorprone/error_prone_annotations/2.1.3/error_prone_annotations-2.1.3.jar:/home/conlifemongouser/.m2/repository/com/google/j2objc/j2objc-annotations/1.1/j2objc-annotations-1.1.jar:/home/conlifemongouser/.m2/repository/org/codehaus/mojo/animal-sniffer-annotations/1.14/animal-sniffer-annotations-1.14.jar:/home/conlifemongouser/.m2/repository/com/squareup/okhttp3/okhttp/3.11.0/okhttp-3.11.0.jar:/home/conlifemongouser/.m2/repository/com/squareup/okio/okio/1.14.0/okio-1.14.0.jar:/home/conlifemongouser/.m2/repository/org/testng/testng/6.9.8/testng-6.9.8.jar:/home/conlifemongouser/.m2/repository/org/beanshell/bsh/2.0b4/bsh-2.0b4.jar:/home/conlifemongouser/.m2/repository/com/beust/jcommander/1.48/jcommander-1.48.jar:/home/conlifemongouser/.m2/repository/junit/junit/4.12/junit-4.12.jar:/home/conlifemongouser/.m2/repository/org/hamcrest/hamcrest-core/1.3/hamcrest-core-1.3.jar:/home/conlifemongouser/.m2/repository/org/apache/poi/poi/4.1.0/poi-4.1.0.jar:/home/conlifemongouser/.m2/repository/commons-codec/commons-codec/1.12/commons-codec-1.12.jar:/home/conlifemongouser/.m2/repository/org/apache/commons/commons-collections4/4.3/commons-collections4-4.3.jar:/home/conlifemongouser/.m2/repository/org/apache/commons/commons-math3/3.6.1/commons-math3-3.6.1.jar:/home/conlifemongouser/.m2/repository/org/apache/poi/poi-ooxml/4.1.0/poi-ooxml-4.1.0.jar:/home/conlifemongouser/.m2/repository/org/apache/commons/commons-compress/1.18/commons-compress-1.18.jar:/home/conlifemongouser/.m2/repository/com/github/virtuald/curvesapi/1.06/curvesapi-1.06.jar:/home/conlifemongouser/.m2/repository/org/apache/poi/poi-scratchpad/4.1.0/poi-scratchpad-4.1.0.jar:/home/conlifemongouser/.m2/repository/org/apache/poi/poi-ooxml-schemas/4.1.0/poi-ooxml-schemas-4.1.0.jar:/home/conlifemongouser/.m2/repository/org/apache/xmlbeans/xmlbeans/3.1.0/xmlbeans-3.1.0.jar:/home/conlifemongouser/.m2/repository/org/apache/poi/ooxml-schemas/1.4/ooxml-schemas-1.4.jar:/home/conlifemongouser/.m2/repository/org/apache/poi/poi-excelant/4.1.0/poi-excelant-4.1.0.jar:/home/conlifemongouser/.m2/repository/org/apache/ant/ant/1.8.2/ant-1.8.2.jar:/home/conlifemongouser/.m2/repository/org/apache/ant/ant-launcher/1.8.2/ant-launcher-1.8.2.jar:/home/conlifemongouser/.m2/repository/com/aventstack/extentreports/4.0.9/extentreports-4.0.9.jar:/home/conlifemongouser/.m2/repository/org/freemarker/freemarker/2.3.23/freemarker-2.3.23.jar:/home/conlifemongouser/.m2/repository/org/mongodb/mongodb-driver/3.3.0/mongodb-driver-3.3.0.jar:/home/conlifemongouser/.m2/repository/org/mongodb/mongodb-driver-core/3.3.0/mongodb-driver-core-3.3.0.jar:/home/conlifemongouser/.m2/repository/org/mongodb/bson/3.3.0/bson-3.3.0.jar:/home/conlifemongouser/.m2/repository/org/apache/httpcomponents/httpclient/4.5.2/httpclient-4.5.2.jar:/home/conlifemongouser/.m2/repository/org/apache/httpcomponents/httpcore/4.4.4/httpcore-4.4.4.jar:/home/conlifemongouser/.m2/repository/commons-logging/commons-logging/1.2/commons-logging-1.2.jar:/home/conlifemongouser/.m2/repository/org/apache/httpcomponents/httpmime/4.5.2/httpmime-4.5.2.jar:/home/conlifemongouser/.m2/repository/com/google/code/gson/gson/2.8.5/gson-2.8.5.jar:/home/conlifemongouser/.m2/repository/org/apache/commons/commons-lang3/3.9/commons-lang3-3.9.jar:/home/conlifemongouser/.m2/repository/commons-io/commons-io/2.6/commons-io-2.6.jar:/home/conlifemongouser/.m2/repository/org/mongodb/mongo-java-driver/3.10.2/mongo-java-driver-3.10.2.jar:"/>
    <property name="java.vm.vendor" value="Private Build"/>
    <property name="sun.arch.data.model" value="64"/>
    <property name="java.vendor.url" value="http://java.oracle.com/"/>
    <property name="user.timezone" value=""/>
    <property name="java.vm.specification.version" value="1.8"/>
    <property name="os.name" value="Linux"/>
    <property name="sun.java.launcher" value="SUN_STANDARD"/>
    <property name="sun.boot.library.path" value="/usr/lib/jvm/java-8-openjdk-amd64/jre/lib/amd64"/>
    <property name="sun.java.command" value="/home/conlifemongouser/coDashboardV1/target/surefire/surefirebooter748723370276074810.jar /home/conlifemongouser/coDashboardV1/target/surefire 2019-08-06T13-42-01_071-jvmRun1 surefire2575946132281433067tmp surefire_08361354785573739417tmp"/>
    <property name="surefire.test.class.path" value="/home/conlifemongouser/coDashboardV1/target/test-classes:/home/conlifemongouser/coDashboardV1/target/classes:/home/conlifemongouser/.m2/repository/org/seleniumhq/selenium/selenium-java/3.141.59/selenium-java-3.141.59.jar:/home/conlifemongouser/.m2/repository/org/seleniumhq/selenium/selenium-api/3.141.59/selenium-api-3.141.59.jar:/home/conlifemongouser/.m2/repository/org/seleniumhq/selenium/selenium-chrome-driver/3.141.59/selenium-chrome-driver-3.141.59.jar:/home/conlifemongouser/.m2/repository/org/seleniumhq/selenium/selenium-edge-driver/3.141.59/selenium-edge-driver-3.141.59.jar:/home/conlifemongouser/.m2/repository/org/seleniumhq/selenium/selenium-firefox-driver/3.141.59/selenium-firefox-driver-3.141.59.jar:/home/conlifemongouser/.m2/repository/org/seleniumhq/selenium/selenium-ie-driver/3.141.59/selenium-ie-driver-3.141.59.jar:/home/conlifemongouser/.m2/repository/org/seleniumhq/selenium/selenium-opera-driver/3.141.59/selenium-opera-driver-3.141.59.jar:/home/conlifemongouser/.m2/repository/org/seleniumhq/selenium/selenium-remote-driver/3.141.59/selenium-remote-driver-3.141.59.jar:/home/conlifemongouser/.m2/repository/org/seleniumhq/selenium/selenium-safari-driver/3.141.59/selenium-safari-driver-3.141.59.jar:/home/conlifemongouser/.m2/repository/org/seleniumhq/selenium/selenium-support/3.141.59/selenium-support-3.141.59.jar:/home/conlifemongouser/.m2/repository/net/bytebuddy/byte-buddy/1.8.15/byte-buddy-1.8.15.jar:/home/conlifemongouser/.m2/repository/org/apache/commons/commons-exec/1.3/commons-exec-1.3.jar:/home/conlifemongouser/.m2/repository/com/google/guava/guava/25.0-jre/guava-25.0-jre.jar:/home/conlifemongouser/.m2/repository/com/google/code/findbugs/jsr305/1.3.9/jsr305-1.3.9.jar:/home/conlifemongouser/.m2/repository/org/checkerframework/checker-compat-qual/2.0.0/checker-compat-qual-2.0.0.jar:/home/conlifemongouser/.m2/repository/com/google/errorprone/error_prone_annotations/2.1.3/error_prone_annotations-2.1.3.jar:/home/conlifemongouser/.m2/repository/com/google/j2objc/j2objc-annotations/1.1/j2objc-annotations-1.1.jar:/home/conlifemongouser/.m2/repository/org/codehaus/mojo/animal-sniffer-annotations/1.14/animal-sniffer-annotations-1.14.jar:/home/conlifemongouser/.m2/repository/com/squareup/okhttp3/okhttp/3.11.0/okhttp-3.11.0.jar:/home/conlifemongouser/.m2/repository/com/squareup/okio/okio/1.14.0/okio-1.14.0.jar:/home/conlifemongouser/.m2/repository/org/testng/testng/6.9.8/testng-6.9.8.jar:/home/conlifemongouser/.m2/repository/org/beanshell/bsh/2.0b4/bsh-2.0b4.jar:/home/conlifemongouser/.m2/repository/com/beust/jcommander/1.48/jcommander-1.48.jar:/home/conlifemongouser/.m2/repository/junit/junit/4.12/junit-4.12.jar:/home/conlifemongouser/.m2/repository/org/hamcrest/hamcrest-core/1.3/hamcrest-core-1.3.jar:/home/conlifemongouser/.m2/repository/org/apache/poi/poi/4.1.0/poi-4.1.0.jar:/home/conlifemongouser/.m2/repository/commons-codec/commons-codec/1.12/commons-codec-1.12.jar:/home/conlifemongouser/.m2/repository/org/apache/commons/commons-collections4/4.3/commons-collections4-4.3.jar:/home/conlifemongouser/.m2/repository/org/apache/commons/commons-math3/3.6.1/commons-math3-3.6.1.jar:/home/conlifemongouser/.m2/repository/org/apache/poi/poi-ooxml/4.1.0/poi-ooxml-4.1.0.jar:/home/conlifemongouser/.m2/repository/org/apache/commons/commons-compress/1.18/commons-compress-1.18.jar:/home/conlifemongouser/.m2/repository/com/github/virtuald/curvesapi/1.06/curvesapi-1.06.jar:/home/conlifemongouser/.m2/repository/org/apache/poi/poi-scratchpad/4.1.0/poi-scratchpad-4.1.0.jar:/home/conlifemongouser/.m2/repository/org/apache/poi/poi-ooxml-schemas/4.1.0/poi-ooxml-schemas-4.1.0.jar:/home/conlifemongouser/.m2/repository/org/apache/xmlbeans/xmlbeans/3.1.0/xmlbeans-3.1.0.jar:/home/conlifemongouser/.m2/repository/org/apache/poi/ooxml-schemas/1.4/ooxml-schemas-1.4.jar:/home/conlifemongouser/.m2/repository/org/apache/poi/poi-excelant/4.1.0/poi-excelant-4.1.0.jar:/home/conlifemongouser/.m2/repository/org/apache/ant/ant/1.8.2/ant-1.8.2.jar:/home/conlifemongouser/.m2/repository/org/apache/ant/ant-launcher/1.8.2/ant-launcher-1.8.2.jar:/home/conlifemongouser/.m2/repository/com/aventstack/extentreports/4.0.9/extentreports-4.0.9.jar:/home/conlifemongouser/.m2/repository/org/freemarker/freemarker/2.3.23/freemarker-2.3.23.jar:/home/conlifemongouser/.m2/repository/org/mongodb/mongodb-driver/3.3.0/mongodb-driver-3.3.0.jar:/home/conlifemongouser/.m2/repository/org/mongodb/mongodb-driver-core/3.3.0/mongodb-driver-core-3.3.0.jar:/home/conlifemongouser/.m2/repository/org/mongodb/bson/3.3.0/bson-3.3.0.jar:/home/conlifemongouser/.m2/repository/org/apache/httpcomponents/httpclient/4.5.2/httpclient-4.5.2.jar:/home/conlifemongouser/.m2/repository/org/apache/httpcomponents/httpcore/4.4.4/httpcore-4.4.4.jar:/home/conlifemongouser/.m2/repository/commons-logging/commons-logging/1.2/commons-logging-1.2.jar:/home/conlifemongouser/.m2/repository/org/apache/httpcomponents/httpmime/4.5.2/httpmime-4.5.2.jar:/home/conlifemongouser/.m2/repository/com/google/code/gson/gson/2.8.5/gson-2.8.5.jar:/home/conlifemongouser/.m2/repository/org/apache/commons/commons-lang3/3.9/commons-lang3-3.9.jar:/home/conlifemongouser/.m2/repository/commons-io/commons-io/2.6/commons-io-2.6.jar:/home/conlifemongouser/.m2/repository/org/mongodb/mongo-java-driver/3.10.2/mongo-java-driver-3.10.2.jar:"/>
    <property name="sun.cpu.endian" value="little"/>
    <property name="user.home" value="/home/conlifemongouser"/>
    <property name="user.language" value="en"/>
    <property name="java.specification.vendor" value="Oracle Corporation"/>
    <property name="java.home" value="/usr/lib/jvm/java-8-openjdk-amd64/jre"/>
    <property name="basedir" value="/home/conlifemongouser/coDashboardV1"/>
    <property name="file.separator" value="/"/>
    <property name="line.separator" value="&#10;"/>
    <property name="java.vm.specification.vendor" value="Oracle Corporation"/>
    <property name="java.specification.name" value="Java Platform API Specification"/>
    <property name="java.awt.graphicsenv" value="sun.awt.X11GraphicsEnvironment"/>
    <property name="surefire.real.class.path" value="/home/conlifemongouser/coDashboardV1/target/surefire/surefirebooter748723370276074810.jar"/>
    <property name="sun.boot.class.path" value="/usr/lib/jvm/java-8-openjdk-amd64/jre/lib/resources.jar:/usr/lib/jvm/java-8-openjdk-amd64/jre/lib/rt.jar:/usr/lib/jvm/java-8-openjdk-amd64/jre/lib/sunrsasign.jar:/usr/lib/jvm/java-8-openjdk-amd64/jre/lib/jsse.jar:/usr/lib/jvm/java-8-openjdk-amd64/jre/lib/jce.jar:/usr/lib/jvm/java-8-openjdk-amd64/jre/lib/charsets.jar:/usr/lib/jvm/java-8-openjdk-amd64/jre/lib/jfr.jar:/usr/lib/jvm/java-8-openjdk-amd64/jre/classes"/>
    <property name="sun.management.compiler" value="HotSpot 64-Bit Tiered Compilers"/>
    <property name="java.runtime.version" value="1.8.0_222-8u222-b10-1ubuntu1~18.04.1-b10"/>
    <property name="user.name" value="conlifemongouser"/>
    <property name="path.separator" value=":"/>
    <property name="os.version" value="4.18.0-1020-azure"/>
    <property name="java.endorsed.dirs" value="/usr/lib/jvm/java-8-openjdk-amd64/jre/lib/endorsed"/>
    <property name="java.runtime.name" value="OpenJDK Runtime Environment"/>
    <property name="file.encoding" value="UTF-8"/>
    <property name="java.vm.name" value="OpenJDK 64-Bit Server VM"/>
    <property name="localRepository" value="/home/conlifemongouser/.m2/repository"/>
    <property name="java.vendor.url.bug" value="http://bugreport.sun.com/bugreport/"/>
    <property name="java.io.tmpdir" value="/tmp"/>
    <property name="java.version" value="1.8.0_222"/>
    <property name="user.dir" value="/home/conlifemongouser/coDashboardV1"/>
    <property name="os.arch" value="amd64"/>
    <property name="java.vm.specification.name" value="Java Virtual Machine Specification"/>
    <property name="java.awt.printerjob" value="sun.print.PSPrinterJob"/>
    <property name="sun.os.patch.level" value="unknown"/>
    <property name="java.library.path" value="/usr/java/packages/lib/amd64:/usr/lib/x86_64-linux-gnu/jni:/lib/x86_64-linux-gnu:/usr/lib/x86_64-linux-gnu:/usr/lib/jni:/lib:/usr/lib"/>
    <property name="java.vm.info" value="mixed mode"/>
    <property name="java.vendor" value="Private Build"/>
    <property name="java.vm.version" value="25.222-b10"/>
    <property name="java.ext.dirs" value="/usr/lib/jvm/java-8-openjdk-amd64/jre/lib/ext:/usr/java/packages/lib/ext"/>
    <property name="sun.io.unicode.encoding" value="UnicodeLittle"/>
    <property name="java.class.version" value="52.0"/>
  </properties>
  <testcase name="Loginverify" classname="com.coDashboardV1.testCases.TestCase_Login" time="21.039"/>
</testsuite>