<?xml version="1.0" encoding="UTF-8"?>
<!-- Generated by org.testng.reporters.JUnitReportReporter -->
<testsuite hostname="conlifedevmongo" name="com.coDashboardV1.testCases.TestCase_Login" tests="1" failures="0" timestamp="6 Aug 2019 13:42:26 GMT" time="21.049" errors="0">
  <testcase name="Loginverify" time="21.049" classname="com.coDashboardV1.testCases.TestCase_Login"/>
</testsuite> <!-- com.coDashboardV1.testCases.TestCase_Login -->
